<?xml version="1.0" encoding="UTF-8"?>
<!-- Generated by org.testng.reporters.JUnitReportReporter -->
<testsuite hostname="Lapi-Amaresh" failures="0" tests="1" name="Automation.Script.FlipTest" time="9.052" errors="0" timestamp="2023-02-03T22:06:04 IST" skipped="0">
  <testcase classname="Automation.Script.FlipTest" name="Flipcart" time="9.052"/>
  <system-out/>
</testsuite> <!-- Automation.Script.FlipTest -->
