<?xml version="1.0" encoding="UTF-8"?>
<!-- Generated by org.testng.reporters.JUnitReportReporter -->
<testsuite hostname="LAPTOP-75EPH6UV" failures="0" tests="1" name="Automation.Script.FlipTest" time="11.604" errors="0" timestamp="2023-02-02T18:09:46 IST" skipped="0">
  <testcase classname="Automation.Script.FlipTest" name="Flipcart" time="11.604"/>
  <system-out/>
</testsuite> <!-- Automation.Script.FlipTest -->
